[debug] [2025-08-09T04:50:02.853Z] ----------------------------------------------------------------------
[debug] [2025-08-09T04:50:02.858Z] Command:       F:\node.exe C:\Users\Zainab Fatima\AppData\Roaming\npm\node_modules\firebase-tools\lib\bin\firebase.js init hosting
[debug] [2025-08-09T04:50:02.859Z] CLI Version:   14.11.2
[debug] [2025-08-09T04:50:02.859Z] Platform:      win32
[debug] [2025-08-09T04:50:02.859Z] Node Version:  v22.14.0
[debug] [2025-08-09T04:50:02.914Z] Time:          Fri Aug 08 2025 21:50:02 GMT-0700 (Pacific Daylight Time)
[debug] [2025-08-09T04:50:02.915Z] ----------------------------------------------------------------------
[debug] 
[debug] [2025-08-09T04:50:03.686Z] > command requires scopes: ["email","openid","https://www.googleapis.com/auth/cloudplatformprojects.readonly","https://www.googleapis.com/auth/firebase","https://www.googleapis.com/auth/cloud-platform"]
[debug] [2025-08-09T04:50:03.689Z] > authorizing via signed-in user (su92-bssem-f22-164@superior.edu.pk)
[info] 
     ######## #### ########  ######## ########     ###     ######  ########
     ##        ##  ##     ## ##       ##     ##  ##   ##  ##       ##
     ######    ##  ########  ######   ########  #########  ######  ######
     ##        ##  ##    ##  ##       ##     ## ##     ##       ## ##
     ##       #### ##     ## ######## ########  ##     ##  ######  ########

You're about to initialize a Firebase project in this directory:

  C:\Users\Zainab Fatima\portfolio-website

Before we get started, keep in mind:

  * You are initializing within an existing Firebase project directory

[info] 
=== Project Setup
[info] 
[info] First, let's associate this project directory with a Firebase project.
[info] You can create multiple project aliases by running firebase use --add, 
[info] but for now we'll just set up a default project.
[info] 
[debug] [2025-08-09T04:50:04.222Z] Using project from CLI flag: my-portfolio-37cef
[debug] [2025-08-09T04:50:04.224Z] Checked if tokens are valid: false, expires at: 1754688997481
[debug] [2025-08-09T04:50:04.225Z] Checked if tokens are valid: false, expires at: 1754688997481
[debug] [2025-08-09T04:50:04.225Z] > refreshing access token with scopes: []
[debug] [2025-08-09T04:50:04.272Z] >>> [apiv2][query] POST https://www.googleapis.com/oauth2/v3/token [none]
[debug] [2025-08-09T04:50:04.272Z] >>> [apiv2][body] POST https://www.googleapis.com/oauth2/v3/token [omitted]
[debug] [2025-08-09T04:50:06.004Z] <<< [apiv2][status] POST https://www.googleapis.com/oauth2/v3/token 200
[debug] [2025-08-09T04:50:06.004Z] <<< [apiv2][body] POST https://www.googleapis.com/oauth2/v3/token [omitted]
[debug] [2025-08-09T04:50:06.162Z] >>> [apiv2][query] GET https://firebase.googleapis.com/v1beta1/projects/my-portfolio-37cef [none]
[debug] [2025-08-09T04:50:06.715Z] <<< [apiv2][status] GET https://firebase.googleapis.com/v1beta1/projects/my-portfolio-37cef 200
[debug] [2025-08-09T04:50:06.716Z] <<< [apiv2][body] GET https://firebase.googleapis.com/v1beta1/projects/my-portfolio-37cef {"projectId":"my-portfolio-37cef","projectNumber":"551766919539","displayName":"my-portfolio","name":"projects/my-portfolio-37cef","resources":{"hostingSite":"my-portfolio-37cef"},"state":"ACTIVE","etag":"1_3cecd225-6aca-47e0-b295-aab82885c885"}
[info] i  Using project my-portfolio-37cef (my-portfolio) 
[info] 
=== Hosting Setup
[debug] [2025-08-09T04:50:06.763Z] Checked if tokens are valid: true, expires at: 1754718605005
[debug] [2025-08-09T04:50:06.764Z] Checked if tokens are valid: true, expires at: 1754718605005
[debug] [2025-08-09T04:50:06.764Z] >>> [apiv2][query] GET https://firebase.googleapis.com/v1beta1/projects/my-portfolio-37cef [none]
[debug] [2025-08-09T04:50:07.116Z] <<< [apiv2][status] GET https://firebase.googleapis.com/v1beta1/projects/my-portfolio-37cef 200
[debug] [2025-08-09T04:50:07.116Z] <<< [apiv2][body] GET https://firebase.googleapis.com/v1beta1/projects/my-portfolio-37cef {"projectId":"my-portfolio-37cef","projectNumber":"551766919539","displayName":"my-portfolio","name":"projects/my-portfolio-37cef","resources":{"hostingSite":"my-portfolio-37cef"},"state":"ACTIVE","etag":"1_3cecd225-6aca-47e0-b295-aab82885c885"}
[info] 
[info] Your public directory is the folder (relative to your project directory) that
[info] will contain Hosting assets to be uploaded with firebase deploy. If you
[info] have a build process for your assets, use your build's output directory.
[info] 
[info] +  Wrote public/404.html 
[debug] [2025-08-09T04:51:47.405Z] >>> [apiv2][query] GET https://www.gstatic.com/firebasejs/releases.json [none]
[debug] [2025-08-09T04:51:47.765Z] <<< [apiv2][status] GET https://www.gstatic.com/firebasejs/releases.json 200
[debug] [2025-08-09T04:51:47.766Z] <<< [apiv2][body] GET https://www.gstatic.com/firebasejs/releases.json {"current":{"version":"12.1.0","browserURL":"https://www.gstatic.com/firebasejs/12.1.0/firebase.js","packageURL":"https://www.gstatic.com/firebasejs/12.1.0/firebase.tgz"},"live":{"version":"12.1","browserURL":"https://www.gstatic.com/firebasejs/live/12.1/firebase.js","packageURL":"https://www.gstatic.com/firebasejs/live/12.1/firebase.tgz"},"components":{"ai":"https://www.gstatic.com/firebasejs/12.1.0/firebase-ai.js","analytics":"https://www.gstatic.com/firebasejs/12.1.0/firebase-analytics.js","app":"https://www.gstatic.com/firebasejs/12.1.0/firebase-app.js","app-check":"https://www.gstatic.com/firebasejs/12.1.0/firebase-app-check.js","auth":"https://www.gstatic.com/firebasejs/12.1.0/firebase-auth.js","auth/cordova":"https://www.gstatic.com/firebasejs/12.1.0/firebase-auth/cordova.js","auth/web-extension":"https://www.gstatic.com/firebasejs/12.1.0/firebase-auth/web-extension.js","functions":"https://www.gstatic.com/firebasejs/12.1.0/firebase-functions.js","firestore":"https://www.gstatic.com/firebasejs/12.1.0/firebase-firestore.js","firestore/lite":"https://www.gstatic.com/firebasejs/12.1.0/firebase-firestore/lite.js","installations":"https://www.gstatic.com/firebasejs/12.1.0/firebase-installations.js","storage":"https://www.gstatic.com/firebasejs/12.1.0/firebase-storage.js","performance":"https://www.gstatic.com/firebasejs/12.1.0/firebase-performance.js","remote-config":"https://www.gstatic.com/firebasejs/12.1.0/firebase-remote-config.js","messaging":"https://www.gstatic.com/firebasejs/12.1.0/firebase-messaging.js","messaging/sw":"https://www.gstatic.com/firebasejs/12.1.0/firebase-messaging/sw.js","database":"https://www.gstatic.com/firebasejs/12.1.0/firebase-database.js","data-connect":"https://www.gstatic.com/firebasejs/12.1.0/firebase-data-connect.js","firestore.memory":"https://www.gstatic.com/firebasejs/12.1.0/firebase-firestore.memory.js"}}
[info] i  Skipping write of public/index.html 
[info] 
[info] i  Detected a .git folder at C:\Users\Zainab Fatima\portfolio-website 
[info] i  Authorizing with GitHub to upload your service account to a GitHub repository's secrets store. 
[info] 
[info] Visit this URL on this device to log in:
[info] https://github.com/login/oauth/authorize?client_id=89cf50f02ac6aaed3484&state=440250543&redirect_uri=http%3A%2F%2Flocalhost%3A9005&scope=read%3Auser%20repo%20public_repo
[info] 
[info] Waiting for authentication...
[debug] [2025-08-09T04:52:00.267Z] >>> [apiv2][query] POST https://github.com/login/oauth/access_token [none]
[debug] [2025-08-09T04:52:00.267Z] >>> [apiv2][body] POST https://github.com/login/oauth/access_token [stream]
[debug] [2025-08-09T04:52:00.816Z] <<< [apiv2][status] POST https://github.com/login/oauth/access_token 200
[debug] [2025-08-09T04:52:00.817Z] <<< [apiv2][body] POST https://github.com/login/oauth/access_token {"access_token":"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","token_type":"bearer","scope":"read:user,repo"}
[debug] [2025-08-09T04:52:00.839Z] >>> [apiv2][query] GET https://api.github.com/user [none]
[debug] [2025-08-09T04:52:01.412Z] <<< [apiv2][status] GET https://api.github.com/user 200
[debug] [2025-08-09T04:52:01.412Z] <<< [apiv2][body] GET https://api.github.com/user {"login":"ZainabBibi164","id":182550444,"node_id":"U_kgDOCuF_rA","avatar_url":"https://avatars.githubusercontent.com/u/182550444?v=4","gravatar_id":"","url":"https://api.github.com/users/ZainabBibi164","html_url":"https://github.com/ZainabBibi164","followers_url":"https://api.github.com/users/ZainabBibi164/followers","following_url":"https://api.github.com/users/ZainabBibi164/following{/other_user}","gists_url":"https://api.github.com/users/ZainabBibi164/gists{/gist_id}","starred_url":"https://api.github.com/users/ZainabBibi164/starred{/owner}{/repo}","subscriptions_url":"https://api.github.com/users/ZainabBibi164/subscriptions","organizations_url":"https://api.github.com/users/ZainabBibi164/orgs","repos_url":"https://api.github.com/users/ZainabBibi164/repos","events_url":"https://api.github.com/users/ZainabBibi164/events{/privacy}","received_events_url":"https://api.github.com/users/ZainabBibi164/received_events","type":"User","user_view_type":"private","site_admin":false,"name":"zainab","company":"Superior University Gold Campus Lahore","blog":"","location":"Lahore","email":"zainabhayat528@gmail.com","hireable":null,"bio":"under graduate","twitter_username":null,"notification_email":"zainabhayat528@gmail.com","public_repos":9,"public_gists":0,"followers":3,"following":4,"created_at":"2024-09-23T17:58:10Z","updated_at":"2025-07-30T20:26:25Z","private_gists":0,"total_private_repos":0,"owned_private_repos":0,"disk_usage":8071,"collaborators":0,"two_factor_authentication":false,"plan":{"name":"free","space":976562499,"collaborators":0,"private_repos":10000}}
[info] 
[info] +  Success! Logged into GitHub as ZainabBibi164 
[info] 
